<?xml version="1.0" encoding="UTF-8"?>
<testng-results ignored="0" total="2" passed="2" failed="0" skipped="0">
  <reporter-output>
  </reporter-output>
  <suite started-at="2023-03-27T19:10:09 IST" name="Suite" finished-at="2023-03-27T19:10:16 IST" duration-ms="7340">
    <groups>
    </groups>
    <test started-at="2023-03-27T19:10:09 IST" name="Test" finished-at="2023-03-27T19:10:16 IST" duration-ms="7340">
      <class name="Pipelinescript.Example">
        <test-method signature="getUrl()[pri:0, instance:Pipelinescript.Example@69e1dd28]" started-at="2023-03-27T19:10:09 IST" name="getUrl" finished-at="2023-03-27T19:10:14 IST" duration-ms="5037" status="PASS">
          <reporter-output>
          </reporter-output>
        </test-method> <!-- getUrl -->
        <test-method signature="getstring()[pri:0, instance:Pipelinescript.Example@69e1dd28]" started-at="2023-03-27T19:10:14 IST" name="getstring" finished-at="2023-03-27T19:10:16 IST" duration-ms="2259" status="PASS">
          <reporter-output>
          </reporter-output>
        </test-method> <!-- getstring -->
      </class> <!-- Pipelinescript.Example -->
    </test> <!-- Test -->
  </suite> <!-- Suite -->
</testng-results>
